# JRE version: Java(TM) SE Runtime Environment (17.0.1+12) (build 17.0.1+12-LTS-39)
# Java VM: Java HotSpot(TM) 64-Bit Server VM (17.0.1+12-LTS-39, mixed mode, sharing, tiered, compressed oops, compressed class ptrs, g1 gc, windows-amd64)
GC Precious Log:
 CPUs: 8 total, 8 available
 Memory: 8103M
 Large Page Support: Disabled
 NUMA Support: Disabled
 Compressed Oops: Enabled (32-bit)
 Heap Region Size: 1M
 Heap Min Capacity: 8M
 Heap Initial Capacity: 128M
 Heap Max Capacity: 2026M
 Pre-touch: Disabled
 Parallel Workers: 8
 Concurrent Workers: 2
 Concurrent Refinement Workers: 8
 Periodic GC: Disabled
Heap:
 garbage-first heap   total 78848K, used 62525K [0x0000000081600000, 0x0000000100000000)
  region size 1024K, 36 young (36864K), 1 survivors (1024K)
 Metaspace       used 59313K, committed 59776K, reserved 1105920K
  class space    used 7504K, committed 7744K, reserved 1048576K
GC Heap History (20 events):
Event: 324.539 GC heap before
{Heap before GC invocations=144 (full 0):
 garbage-first heap   total 78848K, used 66705K [0x0000000081600000, 0x0000000100000000)
  region size 1024K, 39 young (39936K), 1 survivors (1024K)
 Metaspace       used 59290K, committed 59712K, reserved 1105920K
  class space    used 7499K, committed 7744K, reserved 1048576K
}
Event: 324.554 GC heap after
{Heap after GC invocations=145 (full 0):
 garbage-first heap   total 78848K, used 28610K [0x0000000081600000, 0x0000000100000000)
  region size 1024K, 1 young (1024K), 1 survivors (1024K)
 Metaspace       used 59290K, committed 59712K, reserved 1105920K
  class space    used 7499K, committed 7744K, reserved 1048576K
}
Event: 326.444 GC heap before
{Heap before GC invocations=145 (full 0):
 garbage-first heap   total 78848K, used 67522K [0x0000000081600000, 0x0000000100000000)
  region size 1024K, 39 young (39936K), 1 survivors (1024K)
 Metaspace       used 59290K, committed 59712K, reserved 1105920K
  class space    used 7499K, committed 7744K, reserved 1048576K
}
Event: 326.445 GC heap after
{Heap after GC invocations=146 (full 0):
 garbage-first heap   total 78848K, used 28671K [0x0000000081600000, 0x0000000100000000)
  region size 1024K, 1 young (1024K), 1 survivors (1024K)
 Metaspace       used 59290K, committed 59712K, reserved 1105920K
  class space    used 7499K, committed 7744K, reserved 1048576K
}
Event: 327.045 GC heap before
{Heap before GC invocations=146 (full 0):
 garbage-first heap   total 78848K, used 66559K [0x0000000081600000, 0x0000000100000000)
  region size 1024K, 39 young (39936K), 1 survivors (1024K)
 Metaspace       used 59290K, committed 59712K, reserved 1105920K
  class space    used 7499K, committed 7744K, reserved 1048576K
}
Event: 327.046 GC heap after
{Heap after GC invocations=147 (full 0):
 garbage-first heap   total 78848K, used 28593K [0x0000000081600000, 0x0000000100000000)
  region size 1024K, 1 young (1024K), 1 survivors (1024K)
 Metaspace       used 59290K, committed 59712K, reserved 1105920K
  class space    used 7499K, committed 7744K, reserved 1048576K
}
Event: 327.636 GC heap before
{Heap before GC invocations=147 (full 0):
 garbage-first heap   total 78848K, used 66481K [0x0000000081600000, 0x0000000100000000)
  region size 1024K, 39 young (39936K), 1 survivors (1024K)
 Metaspace       used 59290K, committed 59712K, reserved 1105920K
  class space    used 7499K, committed 7744K, reserved 1048576K
}
Event: 327.637 GC heap after
{Heap after GC invocations=148 (full 0):
 garbage-first heap   total 78848K, used 28784K [0x0000000081600000, 0x0000000100000000)
  region size 1024K, 1 young (1024K), 1 survivors (1024K)
 Metaspace       used 59290K, committed 59712K, reserved 1105920K
  class space    used 7499K, committed 7744K, reserved 1048576K
}
Event: 328.377 GC heap before
{Heap before GC invocations=148 (full 0):
 garbage-first heap   total 78848K, used 66672K [0x0000000081600000, 0x0000000100000000)
  region size 1024K, 39 young (39936K), 1 survivors (1024K)
 Metaspace       used 59290K, committed 59712K, reserved 1105920K
  class space    used 7499K, committed 7744K, reserved 1048576K
}
Event: 328.380 GC heap after
{Heap after GC invocations=149 (full 0):
 garbage-first heap   total 78848K, used 28708K [0x0000000081600000, 0x0000000100000000)
  region size 1024K, 1 young (1024K), 1 survivors (1024K)
 Metaspace       used 59290K, committed 59712K, reserved 1105920K
  class space    used 7499K, committed 7744K, reserved 1048576K
}
Event: 329.175 GC heap before
{Heap before GC invocations=149 (full 0):
 garbage-first heap   total 78848K, used 66596K [0x0000000081600000, 0x0000000100000000)
  region size 1024K, 39 young (39936K), 1 survivors (1024K)
 Metaspace       used 59290K, committed 59712K, reserved 1105920K
  class space    used 7499K, committed 7744K, reserved 1048576K
}
Event: 329.176 GC heap after
{Heap after GC invocations=150 (full 0):
 garbage-first heap   total 78848K, used 28669K [0x0000000081600000, 0x0000000100000000)
  region size 1024K, 1 young (1024K), 1 survivors (1024K)
 Metaspace       used 59290K, committed 59712K, reserved 1105920K
  class space    used 7499K, committed 7744K, reserved 1048576K
}
Event: 329.801 GC heap before
{Heap before GC invocations=150 (full 0):
 garbage-first heap   total 78848K, used 66557K [0x0000000081600000, 0x0000000100000000)
  region size 1024K, 39 young (39936K), 1 survivors (1024K)
 Metaspace       used 59290K, committed 59712K, reserved 1105920K
  class space    used 7499K, committed 7744K, reserved 1048576K
}
Event: 329.802 GC heap after
{Heap after GC invocations=151 (full 0):
 garbage-first heap   total 78848K, used 28702K [0x0000000081600000, 0x0000000100000000)
  region size 1024K, 1 young (1024K), 1 survivors (1024K)
 Metaspace       used 59290K, committed 59712K, reserved 1105920K
  class space    used 7499K, committed 7744K, reserved 1048576K
}
Event: 330.228 GC heap before
{Heap before GC invocations=151 (full 0):
 garbage-first heap   total 78848K, used 66590K [0x0000000081600000, 0x0000000100000000)
  region size 1024K, 39 young (39936K), 1 survivors (1024K)
 Metaspace       used 59306K, committed 59776K, reserved 1105920K
  class space    used 7503K, committed 7744K, reserved 1048576K
}
Event: 330.229 GC heap after
{Heap after GC invocations=152 (full 0):
 garbage-first heap   total 78848K, used 28793K [0x0000000081600000, 0x0000000100000000)
  region size 1024K, 1 young (1024K), 1 survivors (1024K)
 Metaspace       used 59306K, committed 59776K, reserved 1105920K
  class space    used 7503K, committed 7744K, reserved 1048576K
}
Event: 330.632 GC heap before
{Heap before GC invocations=152 (full 0):
 garbage-first heap   total 78848K, used 66681K [0x0000000081600000, 0x0000000100000000)
  region size 1024K, 39 young (39936K), 1 survivors (1024K)
 Metaspace       used 59312K, committed 59776K, reserved 1105920K
  class space    used 7504K, committed 7744K, reserved 1048576K
}
Event: 330.633 GC heap after
{Heap after GC invocations=153 (full 0):
 garbage-first heap   total 78848K, used 28972K [0x0000000081600000, 0x0000000100000000)
  region size 1024K, 1 young (1024K), 1 survivors (1024K)
 Metaspace       used 59312K, committed 59776K, reserved 1105920K
  class space    used 7504K, committed 7744K, reserved 1048576K
}
Event: 331.058 GC heap before
{Heap before GC invocations=153 (full 0):
 garbage-first heap   total 78848K, used 66860K [0x0000000081600000, 0x0000000100000000)
  region size 1024K, 39 young (39936K), 1 survivors (1024K)
 Metaspace       used 59313K, committed 59776K, reserved 1105920K
  class space    used 7504K, committed 7744K, reserved 1048576K
}
Event: 331.059 GC heap after
{Heap after GC invocations=154 (full 0):
 garbage-first heap   total 78848K, used 28733K [0x0000000081600000, 0x0000000100000000)
  region size 1024K, 1 young (1024K), 1 survivors (1024K)
 Metaspace       used 59313K, committed 59776K, reserved 1105920K
  class space    used 7504K, committed 7744K, reserved 1048576K
}

