# JRE version: OpenJDK Runtime Environment (16.0.2+7) (build 16.0.2+7-67)
# Java VM: OpenJDK 64-Bit Server VM (16.0.2+7-67, mixed mode, tiered, compressed oops, compressed class ptrs, g1 gc, windows-amd64)
GC Precious Log:
 CPUs: 8 total, 8 available
 Memory: 8103M
 Large Page Support: Disabled
 NUMA Support: Disabled
 Compressed Oops: Enabled (32-bit)
 Heap Region Size: 1M
 Heap Min Capacity: 8M
 Heap Initial Capacity: 128M
 Heap Max Capacity: 2026M
 Pre-touch: Disabled
 Parallel Workers: 8
 Concurrent Workers: 2
 Concurrent Refinement Workers: 8
 Periodic GC: Disabled
Heap:
 garbage-first heap   total 61440K, used 32443K [0x0000000081600000, 0x0000000100000000)
  region size 1024K, 2 young (2048K), 1 survivors (1024K)
 Metaspace       used 75855K, committed 76352K, reserved 1122304K
  class space    used 9007K, committed 9216K, reserved 1048576K
GC Heap History (20 events):
Event: 154.500 GC heap before
{Heap before GC invocations=84 (full 0):
 garbage-first heap   total 61440K, used 52333K [0x0000000081600000, 0x0000000100000000)
  region size 1024K, 21 young (21504K), 1 survivors (1024K)
 Metaspace       used 75688K, committed 76160K, reserved 1122304K
  class space    used 8980K, committed 9216K, reserved 1048576K
}
Event: 154.502 GC heap after
{Heap after GC invocations=85 (full 0):
 garbage-first heap   total 61440K, used 31871K [0x0000000081600000, 0x0000000100000000)
  region size 1024K, 1 young (1024K), 1 survivors (1024K)
 Metaspace       used 75688K, committed 76160K, reserved 1122304K
  class space    used 8980K, committed 9216K, reserved 1048576K
}
Event: 155.526 GC heap before
{Heap before GC invocations=86 (full 0):
 garbage-first heap   total 61440K, used 52351K [0x0000000081600000, 0x0000000100000000)
  region size 1024K, 21 young (21504K), 1 survivors (1024K)
 Metaspace       used 75688K, committed 76160K, reserved 1122304K
  class space    used 8980K, committed 9216K, reserved 1048576K
}
Event: 155.527 GC heap after
{Heap after GC invocations=87 (full 0):
 garbage-first heap   total 61440K, used 31871K [0x0000000081600000, 0x0000000100000000)
  region size 1024K, 1 young (1024K), 1 survivors (1024K)
 Metaspace       used 75688K, committed 76160K, reserved 1122304K
  class space    used 8980K, committed 9216K, reserved 1048576K
}
Event: 156.665 GC heap before
{Heap before GC invocations=87 (full 0):
 garbage-first heap   total 61440K, used 52351K [0x0000000081600000, 0x0000000100000000)
  region size 1024K, 21 young (21504K), 1 survivors (1024K)
 Metaspace       used 75689K, committed 76160K, reserved 1122304K
  class space    used 8980K, committed 9216K, reserved 1048576K
}
Event: 156.666 GC heap after
{Heap after GC invocations=88 (full 0):
 garbage-first heap   total 61440K, used 31875K [0x0000000081600000, 0x0000000100000000)
  region size 1024K, 1 young (1024K), 1 survivors (1024K)
 Metaspace       used 75689K, committed 76160K, reserved 1122304K
  class space    used 8980K, committed 9216K, reserved 1048576K
}
Event: 157.833 GC heap before
{Heap before GC invocations=89 (full 0):
 garbage-first heap   total 61440K, used 52355K [0x0000000081600000, 0x0000000100000000)
  region size 1024K, 21 young (21504K), 1 survivors (1024K)
 Metaspace       used 75689K, committed 76160K, reserved 1122304K
  class space    used 8980K, committed 9216K, reserved 1048576K
}
Event: 157.835 GC heap after
{Heap after GC invocations=90 (full 0):
 garbage-first heap   total 61440K, used 31880K [0x0000000081600000, 0x0000000100000000)
  region size 1024K, 1 young (1024K), 1 survivors (1024K)
 Metaspace       used 75689K, committed 76160K, reserved 1122304K
  class space    used 8980K, committed 9216K, reserved 1048576K
}
Event: 159.112 GC heap before
{Heap before GC invocations=90 (full 0):
 garbage-first heap   total 61440K, used 52360K [0x0000000081600000, 0x0000000100000000)
  region size 1024K, 21 young (21504K), 1 survivors (1024K)
 Metaspace       used 75689K, committed 76160K, reserved 1122304K
  class space    used 8980K, committed 9216K, reserved 1048576K
}
Event: 159.114 GC heap after
{Heap after GC invocations=91 (full 0):
 garbage-first heap   total 61440K, used 31874K [0x0000000081600000, 0x0000000100000000)
  region size 1024K, 1 young (1024K), 1 survivors (1024K)
 Metaspace       used 75689K, committed 76160K, reserved 1122304K
  class space    used 8980K, committed 9216K, reserved 1048576K
}
Event: 160.639 GC heap before
{Heap before GC invocations=92 (full 0):
 garbage-first heap   total 61440K, used 52354K [0x0000000081600000, 0x0000000100000000)
  region size 1024K, 21 young (21504K), 1 survivors (1024K)
 Metaspace       used 75689K, committed 76160K, reserved 1122304K
  class space    used 8980K, committed 9216K, reserved 1048576K
}
Event: 160.640 GC heap after
{Heap after GC invocations=93 (full 0):
 garbage-first heap   total 61440K, used 31879K [0x0000000081600000, 0x0000000100000000)
  region size 1024K, 1 young (1024K), 1 survivors (1024K)
 Metaspace       used 75689K, committed 76160K, reserved 1122304K
  class space    used 8980K, committed 9216K, reserved 1048576K
}
Event: 161.899 GC heap before
{Heap before GC invocations=93 (full 0):
 garbage-first heap   total 61440K, used 52359K [0x0000000081600000, 0x0000000100000000)
  region size 1024K, 21 young (21504K), 1 survivors (1024K)
 Metaspace       used 75690K, committed 76160K, reserved 1122304K
  class space    used 8982K, committed 9216K, reserved 1048576K
}
Event: 161.900 GC heap after
{Heap after GC invocations=94 (full 0):
 garbage-first heap   total 61440K, used 31895K [0x0000000081600000, 0x0000000100000000)
  region size 1024K, 1 young (1024K), 1 survivors (1024K)
 Metaspace       used 75690K, committed 76160K, reserved 1122304K
  class space    used 8982K, committed 9216K, reserved 1048576K
}
Event: 163.194 GC heap before
{Heap before GC invocations=95 (full 0):
 garbage-first heap   total 61440K, used 52375K [0x0000000081600000, 0x0000000100000000)
  region size 1024K, 21 young (21504K), 1 survivors (1024K)
 Metaspace       used 75690K, committed 76160K, reserved 1122304K
  class space    used 8982K, committed 9216K, reserved 1048576K
}
Event: 163.195 GC heap after
{Heap after GC invocations=96 (full 0):
 garbage-first heap   total 61440K, used 31871K [0x0000000081600000, 0x0000000100000000)
  region size 1024K, 1 young (1024K), 1 survivors (1024K)
 Metaspace       used 75690K, committed 76160K, reserved 1122304K
  class space    used 8982K, committed 9216K, reserved 1048576K
}
Event: 164.577 GC heap before
{Heap before GC invocations=96 (full 0):
 garbage-first heap   total 61440K, used 52351K [0x0000000081600000, 0x0000000100000000)
  region size 1024K, 21 young (21504K), 1 survivors (1024K)
 Metaspace       used 75855K, committed 76352K, reserved 1122304K
  class space    used 9007K, committed 9216K, reserved 1048576K
}
Event: 164.579 GC heap after
{Heap after GC invocations=97 (full 0):
 garbage-first heap   total 61440K, used 32417K [0x0000000081600000, 0x0000000100000000)
  region size 1024K, 1 young (1024K), 1 survivors (1024K)
 Metaspace       used 75855K, committed 76352K, reserved 1122304K
  class space    used 9007K, committed 9216K, reserved 1048576K
}
Event: 165.921 GC heap before
{Heap before GC invocations=98 (full 0):
 garbage-first heap   total 61440K, used 52897K [0x0000000081600000, 0x0000000100000000)
  region size 1024K, 21 young (21504K), 1 survivors (1024K)
 Metaspace       used 75855K, committed 76352K, reserved 1122304K
  class space    used 9007K, committed 9216K, reserved 1048576K
}
Event: 165.922 GC heap after
{Heap after GC invocations=99 (full 0):
 garbage-first heap   total 61440K, used 32443K [0x0000000081600000, 0x0000000100000000)
  region size 1024K, 1 young (1024K), 1 survivors (1024K)
 Metaspace       used 75855K, committed 76352K, reserved 1122304K
  class space    used 9007K, committed 9216K, reserved 1048576K
}

